[00:02:55] [Server thread/WARN]: Natsu moved wrongly!
[00:03:34] [Server thread/INFO]: Natsu lost connection: TextComponent{text='Disconnected', siblings=[], style=Style{hasParent=false, color=null, bold=null, italic=null, underlined=null, obfuscated=null, clickEvent=null, hoverEvent=null}}
[00:03:34] [Server thread/INFO]: Natsu left the game
[00:16:58] [Server thread/INFO]: Negaihoshi[/169.254.216.10:53803] logged in with entity id 985279 at (274.01069922701964, 67.0, 213.95920099321268)
[00:16:58] [Server thread/INFO]: Negaihoshi joined the game
[00:21:34] [Server thread/INFO]: Natsu[/118.167.30.125:53388] logged in with entity id 992909 at (225.90897827629686, 65.0, 230.73775814248876)
[00:21:34] [Server thread/INFO]: Natsu joined the game
[00:23:44] [Server thread/INFO]: <Natsu> tp negaihoshi natsu
[00:24:06] [Server thread/INFO]: [Natsu: Teleported Negaihoshi to Natsu]
[00:25:21] [Server thread/INFO]: Kizuna[/114.42.116.46:50136] logged in with entity id 1010624 at (294.53638588899935, 38.0, 233.4688217869418)
[00:25:21] [Server thread/INFO]: Kizuna joined the game
[00:28:19] [Server thread/WARN]: Natsu moved wrongly!
[00:39:05] [Server thread/INFO]: dragonfly[/220.129.60.41:2873] logged in with entity id 1045293 at (619.2384592159676, 101.0, 134.61141480725468)
[00:39:05] [Server thread/INFO]: dragonfly joined the game
[00:42:29] [Server thread/INFO]: Kizuna lost connection: TextComponent{text='Disconnected', siblings=[], style=Style{hasParent=false, color=null, bold=null, italic=null, underlined=null, obfuscated=null, clickEvent=null, hoverEvent=null}}
[00:42:29] [Server thread/INFO]: Kizuna left the game
[00:42:32] [Server thread/INFO]: Kizuna[/114.42.116.46:50790] logged in with entity id 1052551 at (71.05457657241973, 80.0, 286.84784229617145)
[00:42:32] [Server thread/INFO]: Kizuna joined the game
[00:46:26] [Server thread/INFO]: dragonfly lost connection: TextComponent{text='Disconnected', siblings=[], style=Style{hasParent=false, color=null, bold=null, italic=null, underlined=null, obfuscated=null, clickEvent=null, hoverEvent=null}}
[00:46:26] [Server thread/INFO]: dragonfly left the game
[00:51:19] [Server thread/WARN]: Natsu moved wrongly!
[01:02:56] [Server thread/WARN]: Natsu moved wrongly!
[01:05:17] [Server thread/WARN]: Natsu moved wrongly!
[01:19:52] [Server thread/WARN]: Natsu moved wrongly!
[01:33:56] [Server thread/INFO]: dragonfly[/220.129.60.41:3235] logged in with entity id 1218350 at (624.0114111415228, 101.0, 133.744700024406)
[01:33:56] [Server thread/INFO]: dragonfly joined the game
[01:39:30] [Server thread/INFO]: Negaihoshi lost connection: TextComponent{text='Disconnected', siblings=[], style=Style{hasParent=false, color=null, bold=null, italic=null, underlined=null, obfuscated=null, clickEvent=null, hoverEvent=null}}
[01:39:30] [Server thread/INFO]: Negaihoshi left the game
[01:39:47] [Server thread/INFO]: Negaihoshi[/169.254.216.10:58195] logged in with entity id 1230597 at (70.87769181326387, 80.0, 288.9307506745124)
[01:39:47] [Server thread/INFO]: Negaihoshi joined the game
[01:41:33] [Server thread/INFO]: <dragonfly> 你們有多的宏偉之樹原木嗎
[01:41:41] [Server thread/INFO]: <Negaihoshi> no
[01:41:52] [Server thread/INFO]: <Natsu> ao6
[01:42:30] [Server thread/INFO]: Negaihoshi lost connection: TextComponent{text='Disconnected', siblings=[], style=Style{hasParent=false, color=null, bold=null, italic=null, underlined=null, obfuscated=null, clickEvent=null, hoverEvent=null}}
[01:42:30] [Server thread/INFO]: Negaihoshi left the game
[01:47:22] [Server thread/INFO]: Kizuna lost connection: TextComponent{text='Disconnected', siblings=[], style=Style{hasParent=false, color=null, bold=null, italic=null, underlined=null, obfuscated=null, clickEvent=null, hoverEvent=null}}
[01:47:22] [Server thread/INFO]: Kizuna left the game
[01:56:05] [Server thread/INFO]: Negaihoshi[/169.254.216.10:59487] logged in with entity id 1302846 at (69.6618039806331, 80.0, 290.9582105529847)
[01:56:05] [Server thread/INFO]: Negaihoshi joined the game
[01:56:45] [Server thread/WARN]: Natsu moved wrongly!
[01:57:36] [Server thread/WARN]: Natsu moved wrongly!
[01:58:07] [Server thread/INFO]: dragonfly lost connection: TextComponent{text='Disconnected', siblings=[], style=Style{hasParent=false, color=null, bold=null, italic=null, underlined=null, obfuscated=null, clickEvent=null, hoverEvent=null}}
[01:58:07] [Server thread/INFO]: dragonfly left the game
[01:59:08] [Server thread/WARN]: Natsu moved wrongly!
[02:01:13] [Server thread/INFO]: dragonfly[/220.129.60.41:3354] logged in with entity id 1312666 at (217.69942884765427, 64.0, 209.03524115883528)
[02:01:13] [Server thread/INFO]: dragonfly joined the game
[02:01:27] [Server thread/INFO]: <dragonfly> 我剛在網路上找到合成表
[02:01:33] [Server thread/INFO]: <dragonfly> 要po在FB嗎
[02:01:43] [Server thread/INFO]: <Natsu> 1u,6PO
[02:02:11] [Server thread/WARN]: Natsu moved wrongly!
[02:02:40] [Server thread/INFO]: <Natsu> 別PO
[02:02:44] [Server thread/INFO]: <dragonfly> 恩
[02:03:02] [Server thread/INFO]: <Natsu> ao6u06ru.4eji4u.3ck6t/61u,l3u,3ck61j4tj x96
[02:03:08] [Server thread/INFO]: <dragonfly> -.-
[02:03:28] [Server thread/INFO]: <Natsu> 沒研究過有合成表也和不出來
[02:04:20] [Server thread/INFO]: <dragonfly> 魔力元素的合成表
[02:04:37] [Server thread/INFO]: <dragonfly> 喔喔
[02:04:44] [Server thread/INFO]: <Natsu> 那要靠自己!
[02:05:56] [Server thread/INFO]: <dragonfly> 我剛看魔法mod的官方
[02:05:59] [Server thread/INFO]: <dragonfly> 有魔法森林欸
[02:06:09] [Server thread/INFO]: <dragonfly> 今天找了老半天都找不到
[02:13:40] [Server thread/WARN]: Natsu moved wrongly!
[02:18:57] [Server thread/INFO]: franklin[/140.135.43.16:55526] logged in with entity id 1385393 at (132.9679160651305, 91.0, 303.5017754242605)
[02:18:57] [Server thread/INFO]: franklin joined the game
[02:20:22] [Server thread/INFO]: franklin lost connection: TextComponent{text='Disconnected', siblings=[], style=Style{hasParent=false, color=null, bold=null, italic=null, underlined=null, obfuscated=null, clickEvent=null, hoverEvent=null}}
[02:20:22] [Server thread/INFO]: franklin left the game
[02:27:07] [Server thread/INFO]: Natsu lost connection: TextComponent{text='Disconnected', siblings=[], style=Style{hasParent=false, color=null, bold=null, italic=null, underlined=null, obfuscated=null, clickEvent=null, hoverEvent=null}}
[02:27:07] [Server thread/INFO]: Natsu left the game
[02:31:00] [Server thread/INFO]: Negaihoshi lost connection: TextComponent{text='You have been idle for too long!', siblings=[], style=Style{hasParent=false, color=null, bold=null, italic=null, underlined=null, obfuscated=null, clickEvent=null, hoverEvent=null}}
[02:31:00] [Server thread/INFO]: Negaihoshi left the game
[02:31:23] [Server thread/INFO]: Negaihoshi[/169.254.216.10:61072] logged in with entity id 1422219 at (71.12533144820969, 80.0, 287.37844096189224)
[02:31:23] [Server thread/INFO]: Negaihoshi joined the game
[02:32:26] [Server thread/INFO]: dragonfly lost connection: TextComponent{text='Disconnected', siblings=[], style=Style{hasParent=false, color=null, bold=null, italic=null, underlined=null, obfuscated=null, clickEvent=null, hoverEvent=null}}
[02:32:26] [Server thread/INFO]: dragonfly left the game
[02:33:06] [Server thread/INFO]: Negaihoshi lost connection: TextComponent{text='Disconnected', siblings=[], style=Style{hasParent=false, color=null, bold=null, italic=null, underlined=null, obfuscated=null, clickEvent=null, hoverEvent=null}}
[02:33:06] [Server thread/INFO]: Negaihoshi left the game
[02:40:37] [Server thread/INFO]: Negaihoshi[/169.254.216.10:61602] logged in with entity id 1429518 at (83.64124626228485, 73.0, 291.01249998807907)
[02:40:37] [Server thread/INFO]: Negaihoshi joined the game
[02:45:38] [Server thread/INFO]: Negaihoshi lost connection: TextComponent{text='You have been idle for too long!', siblings=[], style=Style{hasParent=false, color=null, bold=null, italic=null, underlined=null, obfuscated=null, clickEvent=null, hoverEvent=null}}
[02:45:38] [Server thread/INFO]: Negaihoshi left the game
[04:16:54] [Server thread/INFO]: Stopping server
[04:16:54] [Server thread/INFO]: Saving players
[04:16:54] [Server thread/INFO]: Saving worlds
[04:16:54] [Server thread/INFO]: Saving chunks for level 'world'/Overworld
[04:16:54] [Server thread/INFO]: Saving chunks for level 'world'/Nether
[04:16:54] [Server thread/INFO]: Saving chunks for level 'world'/The End
